2025-07-25 17:09:06.1336  SceneConfigId:1001 ProcessConfigId:1 SceneType:4 EntityId 304732138920738816 : Error System.ArgumentOutOfRangeException: Index was out of range. Must be non-negative and less than the size of the collection. (Parameter 'index')
   at System.Collections.Generic.List`1.get_Item(Int32 index)
   at Hotfix.Center.Handler.C2Center_GetPlayerDataHandler.Run(CenterUnit centerUnit, C2Center_GetPlayerData_Req request, Center2C_GetPlayerData_Resp response, Action reply) in F:\UnityProject\Framework\Framework\Server\Hotfix\Center\Handler\C2Center_GetPlayerDataHandler.cs:line 17
   at Fantasy.Network.Interface.RouteRPC`3.Handle(Session session, Entity entity, UInt32 rpcId, Object routeMessage)
   at Fantasy.Network.Interface.RouteRPC`3.Handle(Session session, Entity entity, UInt32 rpcId, Object routeMessage)
   at Hotfix.Center.Handler.C2Center_GetPlayerDataHandler.Run(CenterUnit centerUnit, C2Center_GetPlayerData_Req request, Center2C_GetPlayerData_Resp response, Action reply) in F:\UnityProject\Framework\Framework\Server\Hotfix\Center\Handler\C2Center_GetPlayerDataHandler.cs:line 17
   at Fantasy.DataBase.MongoDataBase.Query[T](Expression`1 filter, Boolean isDeserialize, String collection)
   at Fantasy.ThreadSynchronizationContext.Update()
   at Fantasy.Platform.Net.Entry.Start()
   at Fantasy.Platform.Net.Entry.Start()
   at Program.<Main>$(String[] args) in F:\UnityProject\Framework\Framework\Server\Main\Program.cs:line 32
   at System.Runtime.CompilerServices.AsyncMethodBuilderCore.Start[TStateMachine](TStateMachine& stateMachine)
   at Program.<Main>$(String[] args)
   at Program.<Main>(String[] args)

2025-07-25 17:23:44.0934  Fantasy.Timer.TimerComponent Update Error System.OperationCanceledException: The operation was canceled.
   at System.Threading.CancellationToken.ThrowOperationCanceledException()
   at System.Threading.CancellationToken.ThrowIfCancellationRequested()
   at System.Net.WebSockets.WebSocketBase.WebSocketOperation.SendOperation.ShouldContinue(CancellationToken cancellationToken)
   at System.Net.WebSockets.WebSocketBase.WebSocketOperation.Process(Nullable`1 buffer, CancellationToken cancellationToken)
   at System.Net.WebSockets.WebSocketBase.CloseOutputAsyncCore(WebSocketCloseStatus closeStatus, String statusDescription, CancellationToken cancellationToken)
   at Fantasy.Network.WebSocket.WebSocketServerNetworkChannel.Dispose()
   at Fantasy.Network.Session.Dispose()
   at Fantasy.Network.SessionIdleCheckerComponent.Check()
   at Fantasy.Timer.TimerSchedulerNet.Update()
   at Fantasy.Timer.TimerComponent.Update()
   at Fantasy.Timer.TimerComponentUpdateSystem.Update(TimerComponent self)
   at Fantasy.Entitas.Interface.UpdateSystem`1.Invoke(Entity self)
   at Fantasy.Entitas.EntityComponent.Update()
   at Fantasy.Entitas.EntityComponent.Update()
   at Fantasy.Scene.Update()
   at Fantasy.MainScheduler.Update()
   at Fantasy.ThreadScheduler.Update()
   at Fantasy.Platform.Net.Entry.Start()
   at Fantasy.Platform.Net.Entry.Start()
   at Program.<Main>$(String[] args) in F:\UnityProject\Framework\Framework\Server\Main\Program.cs:line 32
   at System.Runtime.CompilerServices.AsyncMethodBuilderCore.Start[TStateMachine](TStateMachine& stateMachine)
   at Program.<Main>$(String[] args)
   at Program.<Main>(String[] args)

2025-07-25 17:38:18.7171  Fantasy.Timer.TimerComponent Update Error System.OperationCanceledException: The operation was canceled.
   at System.Threading.CancellationToken.ThrowOperationCanceledException()
   at System.Threading.CancellationToken.ThrowIfCancellationRequested()
   at System.Net.WebSockets.WebSocketBase.WebSocketOperation.SendOperation.ShouldContinue(CancellationToken cancellationToken)
   at System.Net.WebSockets.WebSocketBase.WebSocketOperation.Process(Nullable`1 buffer, CancellationToken cancellationToken)
   at System.Net.WebSockets.WebSocketBase.CloseOutputAsyncCore(WebSocketCloseStatus closeStatus, String statusDescription, CancellationToken cancellationToken)
   at Fantasy.Network.WebSocket.WebSocketServerNetworkChannel.Dispose()
   at Fantasy.Network.Session.Dispose()
   at Fantasy.Network.SessionIdleCheckerComponent.Check()
   at Fantasy.Timer.TimerSchedulerNet.Update()
   at Fantasy.Timer.TimerComponent.Update()
   at Fantasy.Timer.TimerComponentUpdateSystem.Update(TimerComponent self)
   at Fantasy.Entitas.Interface.UpdateSystem`1.Invoke(Entity self)
   at Fantasy.Entitas.EntityComponent.Update()
   at Fantasy.Entitas.EntityComponent.Update()
   at Fantasy.Scene.Update()
   at Fantasy.MainScheduler.Update()
   at Fantasy.ThreadScheduler.Update()
   at Fantasy.Platform.Net.Entry.Start()
   at Fantasy.Platform.Net.Entry.Start()
   at Program.<Main>$(String[] args) in F:\UnityProject\Framework\Framework\Server\Main\Program.cs:line 32
   at System.Runtime.CompilerServices.AsyncMethodBuilderCore.Start[TStateMachine](TStateMachine& stateMachine)
   at Program.<Main>$(String[] args)
   at Program.<Main>(String[] args)

2025-07-25 17:41:18.7916  Fantasy.Timer.TimerComponent Update Error System.OperationCanceledException: The operation was canceled.
   at System.Threading.CancellationToken.ThrowOperationCanceledException()
   at System.Threading.CancellationToken.ThrowIfCancellationRequested()
   at System.Net.WebSockets.WebSocketBase.WebSocketOperation.SendOperation.ShouldContinue(CancellationToken cancellationToken)
   at System.Net.WebSockets.WebSocketBase.WebSocketOperation.Process(Nullable`1 buffer, CancellationToken cancellationToken)
   at System.Net.WebSockets.WebSocketBase.CloseOutputAsyncCore(WebSocketCloseStatus closeStatus, String statusDescription, CancellationToken cancellationToken)
   at Fantasy.Network.WebSocket.WebSocketServerNetworkChannel.Dispose()
   at Fantasy.Network.Session.Dispose()
   at Fantasy.Network.SessionIdleCheckerComponent.Check()
   at Fantasy.Timer.TimerSchedulerNet.Update()
   at Fantasy.Timer.TimerComponent.Update()
   at Fantasy.Timer.TimerComponentUpdateSystem.Update(TimerComponent self)
   at Fantasy.Entitas.Interface.UpdateSystem`1.Invoke(Entity self)
   at Fantasy.Entitas.EntityComponent.Update()
   at Fantasy.Entitas.EntityComponent.Update()
   at Fantasy.Scene.Update()
   at Fantasy.MainScheduler.Update()
   at Fantasy.ThreadScheduler.Update()
   at Fantasy.Platform.Net.Entry.Start()
   at Fantasy.Platform.Net.Entry.Start()
   at Program.<Main>$(String[] args) in F:\UnityProject\Framework\Framework\Server\Main\Program.cs:line 32
   at System.Runtime.CompilerServices.AsyncMethodBuilderCore.Start[TStateMachine](TStateMachine& stateMachine)
   at Program.<Main>$(String[] args)
   at Program.<Main>(String[] args)

2025-07-25 17:43:03.6229  Fantasy.Timer.TimerComponent Update Error System.OperationCanceledException: The operation was canceled.
   at System.Threading.CancellationToken.ThrowOperationCanceledException()
   at System.Threading.CancellationToken.ThrowIfCancellationRequested()
   at System.Net.WebSockets.WebSocketBase.WebSocketOperation.SendOperation.ShouldContinue(CancellationToken cancellationToken)
   at System.Net.WebSockets.WebSocketBase.WebSocketOperation.Process(Nullable`1 buffer, CancellationToken cancellationToken)
   at System.Net.WebSockets.WebSocketBase.CloseOutputAsyncCore(WebSocketCloseStatus closeStatus, String statusDescription, CancellationToken cancellationToken)
   at Fantasy.Network.WebSocket.WebSocketServerNetworkChannel.Dispose()
   at Fantasy.Network.Session.Dispose()
   at Fantasy.Network.SessionIdleCheckerComponent.Check()
   at Fantasy.Timer.TimerSchedulerNet.Update()
   at Fantasy.Timer.TimerComponent.Update()
   at Fantasy.Timer.TimerComponentUpdateSystem.Update(TimerComponent self)
   at Fantasy.Entitas.Interface.UpdateSystem`1.Invoke(Entity self)
   at Fantasy.Entitas.EntityComponent.Update()
   at Fantasy.Entitas.EntityComponent.Update()
   at Fantasy.Scene.Update()
   at Fantasy.MainScheduler.Update()
   at Fantasy.ThreadScheduler.Update()
   at Fantasy.Platform.Net.Entry.Start()
   at Fantasy.Platform.Net.Entry.Start()
   at Program.<Main>$(String[] args) in F:\UnityProject\Framework\Framework\Server\Main\Program.cs:line 32
   at System.Runtime.CompilerServices.AsyncMethodBuilderCore.Start[TStateMachine](TStateMachine& stateMachine)
   at Program.<Main>$(String[] args)
   at Program.<Main>(String[] args)

2025-07-25 17:52:45.8590  Fantasy.Timer.TimerComponent Update Error System.OperationCanceledException: The operation was canceled.
   at System.Threading.CancellationToken.ThrowOperationCanceledException()
   at System.Threading.CancellationToken.ThrowIfCancellationRequested()
   at System.Net.WebSockets.WebSocketBase.WebSocketOperation.SendOperation.ShouldContinue(CancellationToken cancellationToken)
   at System.Net.WebSockets.WebSocketBase.WebSocketOperation.Process(Nullable`1 buffer, CancellationToken cancellationToken)
   at System.Net.WebSockets.WebSocketBase.CloseOutputAsyncCore(WebSocketCloseStatus closeStatus, String statusDescription, CancellationToken cancellationToken)
   at Fantasy.Network.WebSocket.WebSocketServerNetworkChannel.Dispose()
   at Fantasy.Network.Session.Dispose()
   at Fantasy.Network.SessionIdleCheckerComponent.Check()
   at Fantasy.Timer.TimerSchedulerNet.Update()
   at Fantasy.Timer.TimerComponent.Update()
   at Fantasy.Timer.TimerComponentUpdateSystem.Update(TimerComponent self)
   at Fantasy.Entitas.Interface.UpdateSystem`1.Invoke(Entity self)
   at Fantasy.Entitas.EntityComponent.Update()
   at Fantasy.Entitas.EntityComponent.Update()
   at Fantasy.Scene.Update()
   at Fantasy.MainScheduler.Update()
   at Fantasy.ThreadScheduler.Update()
   at Fantasy.Platform.Net.Entry.Start()
   at Fantasy.Platform.Net.Entry.Start()
   at Program.<Main>$(String[] args) in F:\UnityProject\Framework\Framework\Server\Main\Program.cs:line 32
   at System.Runtime.CompilerServices.AsyncMethodBuilderCore.Start[TStateMachine](TStateMachine& stateMachine)
   at Program.<Main>$(String[] args)
   at Program.<Main>(String[] args)

2025-07-25 17:52:53.1383  System.NullReferenceException: Object reference not set to an instance of an object.
   at Fantasy.Entitas.Entity.Create[T](Scene scene, Int64 id, Boolean isPool, Boolean isRunEvent)
   at Fantasy.Entitas.Entity.AddComponent[T](Boolean isPool)
   at Fantasy.Entitas.Entity.GetOrAddComponent[T](Boolean isPool)
   at Hotfix.Gate.Handler.C2G_BuildCenterRouteHandler.Run(Session session, C2G_BuildCenterRoute_Req request, G2C_BuildCenterRoute_Resp response, Action reply) in F:\UnityProject\Framework\Framework\Server\Hotfix\Gate\Handler\C2G_BuildCenterRouteHandler.cs:line 35
   at Fantasy.Network.Interface.MessageRPC`2.Handle(Session session, UInt32 rpcId, UInt32 messageTypeCode, Object message)
